<html>
<body>
<pre>
<h1>µVision Build Log</h1>
<h2>Tool Versions:</h2>
IDE-Version: µVision V5.33.0.0
Copyright (C) 2020 ARM Ltd and ARM Germany GmbH. All rights reserved.
License Information: 1 2, 3, LIC=----
 
Tool Versions:
Toolchain:       MDK-Lite  Version: 5.33.0.0
Middleware:      RL-ARM Real-Time Library Version V3.70
Toolchain Path:  C:\Keil_v5\ARM\ARMCC\Bin
C Compiler:      Armcc.exe V5.06 update 7 (build 960)
Assembler:       Armasm.exe V5.06 update 7 (build 960)
Linker/Locator:  ArmLink.exe V5.06 update 7 (build 960)
Library Manager: ArmAr.exe V5.06 update 7 (build 960)
Hex Converter:   FromElf.exe V5.06 update 7 (build 960)
CPU DLL:         SARMCM3.DLL V5.33.0.0
Dialog DLL:      DCM.DLL V1.17.3.0
Target DLL:      STLink\ST-LINKIII-KEIL_SWO.dll V3.0.8.0
Dialog DLL:      TCM.DLL V1.48.0.0
 
<h2>Project:</h2>
D:\MilandrœŒ\Milandr_LDM_BB_K1986BE92QI_HSI\template.uvprojx
Project File Date:  12/07/2020

<h2>Output:</h2>
*** Using Compiler 'V5.06 update 7 (build 960)', folder: 'C:\Keil_v5\ARM\ARMCC\Bin'
Rebuild target 'Target 1'
assembling startup_MDR32F9Qx.s...
compiling main.c...
C:\Keil_v5\ARM\ARMCC\Bin\..\include\rw/_defs.h(781): error:  #20: identifier "namespace" is undefined
  _RWSTD_NAMESPACE_BEGIN (__rw)
C:\Keil_v5\ARM\ARMCC\Bin\..\include\rw/_defs.h(781): error:  #65: expected a ";"
  _RWSTD_NAMESPACE_BEGIN (__rw)
C:\Keil_v5\ARM\ARMCC\Bin\..\include\functional(73): error:  #20: identifier "_Result" is undefined
      typedef _Result result_type;
C:\Keil_v5\ARM\ARMCC\Bin\..\include\functional(74): error:  #169: expected a declaration
  };
C:\Keil_v5\ARM\ARMCC\Bin\..\include\functional(89): error:  #65: expected a ";"
  template <class _TypeT>
C:\Keil_v5\ARM\ARMCC\Bin\..\include\functional(102): error:  #65: expected a ";"
  template <class _TypeT>
C:\Keil_v5\ARM\ARMCC\Bin\..\include\functional(115): error:  #65: expected a ";"
  template <class _TypeT>
C:\Keil_v5\ARM\ARMCC\Bin\..\include\functional(128): error:  #65: expected a ";"
  template <class _TypeT>
C:\Keil_v5\ARM\ARMCC\Bin\..\include\functional(141): error:  #65: expected a ";"
  template <class _TypeT>
C:\Keil_v5\ARM\ARMCC\Bin\..\include\functional(154): error:  #65: expected a ";"
  template <class _TypeT>
C:\Keil_v5\ARM\ARMCC\Bin\..\include\functional(169): error:  #65: expected a ";"
  template <class _TypeT>
C:\Keil_v5\ARM\ARMCC\Bin\..\include\functional(182): error:  #65: expected a ";"
  template <class _TypeT>
C:\Keil_v5\ARM\ARMCC\Bin\..\include\functional(195): error:  #65: expected a ";"
  template <class _TypeT>
C:\Keil_v5\ARM\ARMCC\Bin\..\include\functional(208): error:  #65: expected a ";"
  template <class _TypeT>
C:\Keil_v5\ARM\ARMCC\Bin\..\include\functional(221): error:  #65: expected a ";"
  template <class _TypeT>
C:\Keil_v5\ARM\ARMCC\Bin\..\include\functional(234): error:  #65: expected a ";"
  template <class _TypeT>
C:\Keil_v5\ARM\ARMCC\Bin\..\include\functional(249): error:  #65: expected a ";"
  template <class _TypeT>
C:\Keil_v5\ARM\ARMCC\Bin\..\include\functional(262): error:  #65: expected a ";"
  template <class _TypeT>
C:\Keil_v5\ARM\ARMCC\Bin\..\include\functional(274): error:  #65: expected a ";"
  template <class _TypeT>
C:\Keil_v5\ARM\ARMCC\Bin\..\include\functional(288): error:  #65: expected a ";"
  template <class _Predicate>
C:\Keil_v5\ARM\ARMCC\Bin\..\include\functional(305): error:  #65: expected a ";"
  template <class _Predicate>
C:\Keil_v5\ARM\ARMCC\Bin\..\include\functional(335): error:  #65: expected a ";"
  template <class _Predicate>
C:\Keil_v5\ARM\ARMCC\Bin\..\include\functional(375): error:  #65: expected a ";"
  template <class _Operation, class _TypeT>
C:\Keil_v5\ARM\ARMCC\Bin\..\include\functional(416): error:  #65: expected a ";"
  template <class _Operation, class _TypeT>
C:\Keil_v5\ARM\ARMCC\Bin\..\include\functional(446): error:  #65: expected a ";"
  template <class _Arg, class _Result>
C:\Keil_v5\ARM\ARMCC\Bin\..\include\functional(477): error:  #65: expected a ";"
  template <class _Arg1, class _Arg2, class _Result>
C:\Keil_v5\ARM\ARMCC\Bin\..\include\functional(507): error:  #65: expected a ";"
  template <class _Result, class _TypeT, class _Arg>
C:\Keil_v5\ARM\ARMCC\Bin\..\include\functional(527): error:  #65: expected a ";"
  template <class _Result, class _TypeT>
C:\Keil_v5\ARM\ARMCC\Bin\..\include\functional(562): error:  #65: expected a ";"
  template <class _Result, class _TypeT, class _Arg>
C:\Keil_v5\ARM\ARMCC\Bin\..\include\functional(582): error:  #65: expected a ";"
  template <class _Result, class _TypeT>
main.c: 0 warnings, 30 errors
compiling system_MDR32F9Qx.c...
compiling MDR32F9Qx_port.c...
compiling MDR32F9Qx_rst_clk.c...
compiling MDR32F9Qx_adc.c...
".\Objects\template.axf" - 30 Error(s), 0 Warning(s).

<h2>Software Packages used:</h2>

Package Vendor: ARM
                http://www.keil.com/pack/ARM.CMSIS.5.7.0.pack
                ARM.CMSIS.5.7.0
                CMSIS (Cortex Microcontroller Software Interface Standard)
   * Component: CORE Version: 5.4.0

Package Vendor: Keil
                http://www.keil.com/pack/Keil.MDR1986BExx.1.5.3.pack
                Keil.MDR1986BExx.1.5.3
                Milandr MDR1986BExx Series Device Support, Drivers and Examples
   * Component: Startup Version: 1.5
   * Component: ADC Version: 1.5
   * Component: PORT Version: 1.5
   * Component: RST_CLK Version: 1.5

<h2>Collection of Component include folders:</h2>
  .\RTE\Device\MDR1986BE92
  .\RTE\_Target_1
  C:\Users\KDFX Team\AppData\Local\Arm\Packs\ARM\CMSIS\5.7.0\CMSIS\Core\Include
  C:\Users\KDFX Team\AppData\Local\Arm\Packs\Keil\MDR1986BExx\1.5.3\Libraries\CMSIS\CM3\CoreSupport
  C:\Users\KDFX Team\AppData\Local\Arm\Packs\Keil\MDR1986BExx\1.5.3\Libraries\CMSIS\CM3\DeviceSupport\MDR32F9Qx\inc
  C:\Users\KDFX Team\AppData\Local\Arm\Packs\Keil\MDR1986BExx\1.5.3\Libraries\MDR32F9Qx_StdPeriph_Driver\inc

<h2>Collection of Component Files used:</h2>

   * Component: ARM::CMSIS:CORE:5.4.0

   * Component: Keil::Device:Startup:1.5
      Source file:   Libraries\CMSIS\CM3\DeviceSupport\MDR32F9Qx\startup\arm\startup_MDR32F9Qx.s
      Source file:   Libraries\CMSIS\CM3\DeviceSupport\MDR32F9Qx\startup\arm\system_MDR32F9Qx.c
      Include file:  Libraries\CMSIS\CM3\DeviceSupport\MDR32F9Qx\startup\arm\system_MDR32F9Qx.h
      Include file:  Config\MDR32F9Qx_config.h
      Include file:  Libraries\CMSIS\CM3\CoreSupport\core_cm3.h

   * Component: Keil::Drivers:ADC:1.5
      Source file:   Libraries\MDR32F9Qx_StdPeriph_Driver\src\MDR32F9Qx_adc.c
      Include file:  Libraries\MDR32F9Qx_StdPeriph_Driver\inc\MDR32F9Qx_adc.h

   * Component: Keil::Drivers:PORT:1.5
      Source file:   Libraries\MDR32F9Qx_StdPeriph_Driver\src\MDR32F9Qx_port.c
      Include file:  Libraries\MDR32F9Qx_StdPeriph_Driver\inc\MDR32F9Qx_port.h

   * Component: Keil::Drivers:RST_CLK:1.5
      Include file:  Libraries\MDR32F9Qx_StdPeriph_Driver\inc\MDR32F9Qx_rst_clk.h
      Source file:   Libraries\MDR32F9Qx_StdPeriph_Driver\src\MDR32F9Qx_rst_clk.c
Target not created.
Build Time Elapsed:  00:00:00
</pre>
</body>
</html>
